<?xml version="1.0" encoding="UTF-8"?>
<!-- Generated by org.testng.reporters.JUnitReportReporter -->
<testsuite hostname="DESKTOP-4GSVHLM" failures="0" tests="1" name="test.Day2" time="0.007" errors="0" timestamp="2023-10-01T18:59:10 IST" skipped="0">
  <testcase classname="test.Day2" name="ploan" time="0.007"/>
</testsuite> <!-- test.Day2 -->
