<?xml version="1.0" encoding="UTF-8"?>
<!-- Generated by org.testng.reporters.JUnitReportReporter -->
<testsuite hostname="DESKTOP-4GSVHLM" failures="0" tests="1" name="javaPrograms.VariableScope" time="0.037" errors="0" timestamp="2023-09-29T16:14:28 IST" skipped="0">
  <testcase classname="javaPrograms.VariableScope" name="name" time="0.037"/>
</testsuite> <!-- javaPrograms.VariableScope -->
