<?xml version="1.0" encoding="UTF-8"?>
<!-- Generated by org.testng.reporters.JUnitReportReporter -->
<testsuite hostname="DESKTOP-4GSVHLM" failures="0" tests="6" name="test.Day3" time="0.036" errors="0" timestamp="2023-10-01T18:59:10 IST" skipped="0">
  <testcase classname="test.Day3" name="webLoginHomeLoan" time="0.004"/>
  <testcase classname="test.Day3" name="MobileLoginHomeLoan" time="0.009"/>
  <testcase classname="test.Day3" name="difffer" time="0.003"/>
  <testcase classname="test.Day3" name="webLoginHomeLoan" time="0.004"/>
  <testcase classname="test.Day3" name="webLoginHomeLoan" time="0.010"/>
  <testcase classname="test.Day3" name="APILoginHomeLoan" time="0.006"/>
</testsuite> <!-- test.Day3 -->
