<?xml version="1.0" encoding="UTF-8"?>
<!-- Generated by org.testng.reporters.JUnitReportReporter -->
<testsuite hostname="DESKTOP-4GSVHLM" failures="0" tests="1" name="test.Day1" time="0.010" errors="0" timestamp="2023-10-01T18:59:10 IST" skipped="0">
  <testcase classname="test.Day1" name="secondTest" time="0.010"/>
</testsuite> <!-- test.Day1 -->
